Build started 10/22/2011 3:15:01 PM.
     1>Project "C:\Users\josh\Documents\My Dropbox\Active Projects\chemical sensor\chem_sensor_comm\chem_sensor_comm\chem_sensor_comm.vcxproj" on node 2 (build target(s)).
     1>PrepareForBuild:
         Creating directory "C:\Users\josh\Documents\My Dropbox\Active Projects\chemical sensor\chem_sensor_comm\Debug\".
       InitializeBuildStatus:
         Touching "Debug\chem_sensor_comm.unsuccessfulbuild".
       ClCompile:
         c:\Program Files (x86)\Microsoft Visual Studio 10.0\VC\bin\CL.exe /c /ZI /nologo /W3 /WX- /Od /Oy- /D _MBCS /Gm /EHsc /RTC1 /MDd /GS /fp:precise /Zc:wchar_t /Zc:forScope /Fo"Debug\\" /Fd"Debug\vc100.pdb" /Gd /TP /analyze- /errorReport:prompt main.cpp
         main.cpp
       Link:
         c:\Program Files (x86)\Microsoft Visual Studio 10.0\VC\bin\link.exe /ERRORREPORT:PROMPT /OUT:"C:\Users\josh\Documents\My Dropbox\Active Projects\chemical sensor\chem_sensor_comm\Debug\chem_sensor_comm.exe" /NOLOGO kernel32.lib user32.lib gdi32.lib winspool.lib comdlg32.lib advapi32.lib shell32.lib ole32.lib oleaut32.lib uuid.lib odbc32.lib odbccp32.lib /MANIFEST /ManifestFile:"Debug\chem_sensor_comm.exe.intermediate.manifest" /MANIFESTUAC:"level='asInvoker' uiAccess='false'" /DEBUG /PDB:"C:\Users\josh\Documents\My Dropbox\Active Projects\chemical sensor\chem_sensor_comm\Debug\chem_sensor_comm.pdb" /TLBID:1 /DYNAMICBASE /NXCOMPAT /IMPLIB:"C:\Users\josh\Documents\My Dropbox\Active Projects\chemical sensor\chem_sensor_comm\Debug\chem_sensor_comm.lib" /MACHINE:X86 Debug\main.obj
         USBtoI2C32.lib
         chem_sensor_comm.vcxproj -> C:\Users\josh\Documents\My Dropbox\Active Projects\chemical sensor\chem_sensor_comm\Debug\chem_sensor_comm.exe
       Manifest:
         C:\Program Files (x86)\Microsoft SDKs\Windows\v7.0A\bin\mt.exe /nologo /verbose /outputresource:"C:\Users\josh\Documents\My Dropbox\Active Projects\chemical sensor\chem_sensor_comm\Debug\chem_sensor_comm.exe;#1" /manifest Debug\chem_sensor_comm.exe.intermediate.manifest
       FinalizeBuildStatus:
         Deleting file "Debug\chem_sensor_comm.unsuccessfulbuild".
         Touching "Debug\chem_sensor_comm.lastbuildstate".
     1>Done Building Project "C:\Users\josh\Documents\My Dropbox\Active Projects\chemical sensor\chem_sensor_comm\chem_sensor_comm\chem_sensor_comm.vcxproj" (build target(s)).

Build succeeded.

Time Elapsed 00:00:04.03
